# JRE version: Java(TM) SE Runtime Environment (23.0.2+7) (build 23.0.2+7-58)
# Java VM: Java HotSpot(TM) 64-Bit Server VM (23.0.2+7-58, mixed mode, sharing, tiered, compressed oops, compressed class ptrs, g1 gc, windows-amd64)
GC Precious Log:
 CardTable entry size: 512
 Card Set container configuration: InlinePtr #cards 5 size 8 Array Of Cards #cards 10 size 36 Howl #buckets 4 coarsen threshold 1843 Howl Bitmap #cards 512 size 80 coarsen threshold 460 Card regions per heap region 1 cards per card region 2048
 CPUs: 8 total, 8 available
 Memory: 7969M
 Large Page Support: Disabled
 NUMA Support: Disabled
 Compressed Oops: Enabled (32-bit)
 Heap Region Size: 1M
 Heap Min Capacity: 8M
 Heap Initial Capacity: 126M
 Heap Max Capacity: 1994M
 Pre-touch: Disabled
 Parallel Workers: 8
 Concurrent Workers: 2
 Concurrent Refinement Workers: 8
 Periodic GC: Disabled
Heap:
 garbage-first heap   total reserved 2041856K, committed 69632K, used 46872K [0x0000000083600000, 0x0000000100000000)
  region size 1024K, 34 young (34816K), 3 survivors (3072K)
 Metaspace       used 21308K, committed 21632K, reserved 1114112K
  class space    used 2179K, committed 2304K, reserved 1048576K
GC Heap History (20 events):
Event: 14.073 GC heap before
{Heap before GC invocations=7 (full 2):
 garbage-first heap   total reserved 2041856K, committed 27648K, used 19668K [0x0000000083600000, 0x0000000100000000)
  region size 1024K, 7 young (7168K), 1 survivors (1024K)
 Metaspace       used 17303K, committed 17600K, reserved 1114112K
  class space    used 1804K, committed 1984K, reserved 1048576K
}
Event: 14.073 GC heap after
{Heap after GC invocations=8 (full 2):
 garbage-first heap   total reserved 2041856K, committed 27648K, used 13469K [0x0000000083600000, 0x0000000100000000)
  region size 1024K, 1 young (1024K), 1 survivors (1024K)
 Metaspace       used 17303K, committed 17600K, reserved 1114112K
  class space    used 1804K, committed 1984K, reserved 1048576K
}
Event: 14.093 GC heap before
{Heap before GC invocations=8 (full 2):
 garbage-first heap   total reserved 2041856K, committed 27648K, used 18589K [0x0000000083600000, 0x0000000100000000)
  region size 1024K, 7 young (7168K), 1 survivors (1024K)
 Metaspace       used 17303K, committed 17600K, reserved 1114112K
  class space    used 1804K, committed 1984K, reserved 1048576K
}
Event: 14.093 GC heap after
{Heap after GC invocations=9 (full 2):
 garbage-first heap   total reserved 2041856K, committed 27648K, used 13664K [0x0000000083600000, 0x0000000100000000)
  region size 1024K, 1 young (1024K), 1 survivors (1024K)
 Metaspace       used 17303K, committed 17600K, reserved 1114112K
  class space    used 1804K, committed 1984K, reserved 1048576K
}
Event: 14.120 GC heap before
{Heap before GC invocations=9 (full 2):
 garbage-first heap   total reserved 2041856K, committed 27648K, used 20832K [0x0000000083600000, 0x0000000100000000)
  region size 1024K, 8 young (8192K), 1 survivors (1024K)
 Metaspace       used 17304K, committed 17600K, reserved 1114112K
  class space    used 1804K, committed 1984K, reserved 1048576K
}
Event: 14.122 GC heap after
{Heap after GC invocations=10 (full 2):
 garbage-first heap   total reserved 2041856K, committed 78848K, used 13683K [0x0000000083600000, 0x0000000100000000)
  region size 1024K, 1 young (1024K), 1 survivors (1024K)
 Metaspace       used 17304K, committed 17600K, reserved 1114112K
  class space    used 1804K, committed 1984K, reserved 1048576K
}
Event: 14.290 GC heap before
{Heap before GC invocations=11 (full 2):
 garbage-first heap   total reserved 2041856K, committed 51200K, used 48499K [0x0000000083600000, 0x0000000100000000)
  region size 1024K, 36 young (36864K), 1 survivors (1024K)
 Metaspace       used 17331K, committed 17664K, reserved 1114112K
  class space    used 1804K, committed 1984K, reserved 1048576K
}
Event: 14.291 GC heap after
{Heap after GC invocations=12 (full 2):
 garbage-first heap   total reserved 2041856K, committed 52224K, used 13701K [0x0000000083600000, 0x0000000100000000)
  region size 1024K, 1 young (1024K), 1 survivors (1024K)
 Metaspace       used 17331K, committed 17664K, reserved 1114112K
  class space    used 1804K, committed 1984K, reserved 1048576K
}
Event: 14.340 GC heap before
{Heap before GC invocations=12 (full 2):
 garbage-first heap   total reserved 2041856K, committed 52224K, used 34181K [0x0000000083600000, 0x0000000100000000)
  region size 1024K, 21 young (21504K), 1 survivors (1024K)
 Metaspace       used 17344K, committed 17664K, reserved 1114112K
  class space    used 1804K, committed 1984K, reserved 1048576K
}
Event: 14.342 GC heap after
{Heap after GC invocations=13 (full 2):
 garbage-first heap   total reserved 2041856K, committed 52224K, used 13894K [0x0000000083600000, 0x0000000100000000)
  region size 1024K, 1 young (1024K), 1 survivors (1024K)
 Metaspace       used 17344K, committed 17664K, reserved 1114112K
  class space    used 1804K, committed 1984K, reserved 1048576K
}
Event: 14.401 GC heap before
{Heap before GC invocations=13 (full 2):
 garbage-first heap   total reserved 2041856K, committed 52224K, used 36422K [0x0000000083600000, 0x0000000100000000)
  region size 1024K, 23 young (23552K), 1 survivors (1024K)
 Metaspace       used 17350K, committed 17664K, reserved 1114112K
  class space    used 1804K, committed 1984K, reserved 1048576K
}
Event: 14.402 GC heap after
{Heap after GC invocations=14 (full 2):
 garbage-first heap   total reserved 2041856K, committed 52224K, used 14107K [0x0000000083600000, 0x0000000100000000)
  region size 1024K, 1 young (1024K), 1 survivors (1024K)
 Metaspace       used 17350K, committed 17664K, reserved 1114112K
  class space    used 1804K, committed 1984K, reserved 1048576K
}
Event: 14.463 GC heap before
{Heap before GC invocations=14 (full 2):
 garbage-first heap   total reserved 2041856K, committed 52224K, used 38683K [0x0000000083600000, 0x0000000100000000)
  region size 1024K, 25 young (25600K), 1 survivors (1024K)
 Metaspace       used 17350K, committed 17664K, reserved 1114112K
  class space    used 1804K, committed 1984K, reserved 1048576K
}
Event: 14.466 GC heap after
{Heap after GC invocations=15 (full 2):
 garbage-first heap   total reserved 2041856K, committed 52224K, used 14189K [0x0000000083600000, 0x0000000100000000)
  region size 1024K, 1 young (1024K), 1 survivors (1024K)
 Metaspace       used 17350K, committed 17664K, reserved 1114112K
  class space    used 1804K, committed 1984K, reserved 1048576K
}
Event: 14.512 GC heap before
{Heap before GC invocations=15 (full 2):
 garbage-first heap   total reserved 2041856K, committed 52224K, used 39789K [0x0000000083600000, 0x0000000100000000)
  region size 1024K, 27 young (27648K), 1 survivors (1024K)
 Metaspace       used 17353K, committed 17664K, reserved 1114112K
  class space    used 1804K, committed 1984K, reserved 1048576K
}
Event: 14.514 GC heap after
{Heap after GC invocations=16 (full 2):
 garbage-first heap   total reserved 2041856K, committed 52224K, used 14300K [0x0000000083600000, 0x0000000100000000)
  region size 1024K, 1 young (1024K), 1 survivors (1024K)
 Metaspace       used 17353K, committed 17664K, reserved 1114112K
  class space    used 1804K, committed 1984K, reserved 1048576K
}
Event: 14.569 GC heap before
{Heap before GC invocations=16 (full 2):
 garbage-first heap   total reserved 2041856K, committed 52224K, used 41948K [0x0000000083600000, 0x0000000100000000)
  region size 1024K, 28 young (28672K), 1 survivors (1024K)
 Metaspace       used 17382K, committed 17728K, reserved 1114112K
  class space    used 1804K, committed 1984K, reserved 1048576K
}
Event: 14.571 GC heap after
{Heap after GC invocations=17 (full 2):
 garbage-first heap   total reserved 2041856K, committed 69632K, used 14685K [0x0000000083600000, 0x0000000100000000)
  region size 1024K, 2 young (2048K), 2 survivors (2048K)
 Metaspace       used 17382K, committed 17728K, reserved 1114112K
  class space    used 1804K, committed 1984K, reserved 1048576K
}
Event: 152.029 GC heap before
{Heap before GC invocations=17 (full 2):
 garbage-first heap   total reserved 2041856K, committed 69632K, used 52573K [0x0000000083600000, 0x0000000100000000)
  region size 1024K, 40 young (40960K), 2 survivors (2048K)
 Metaspace       used 21241K, committed 21504K, reserved 1114112K
  class space    used 2178K, committed 2304K, reserved 1048576K
}
Event: 152.032 GC heap after
{Heap after GC invocations=18 (full 2):
 garbage-first heap   total reserved 2041856K, committed 69632K, used 16152K [0x0000000083600000, 0x0000000100000000)
  region size 1024K, 3 young (3072K), 3 survivors (3072K)
 Metaspace       used 21241K, committed 21504K, reserved 1114112K
  class space    used 2178K, committed 2304K, reserved 1048576K
}

